<?xml version="1.0" encoding="UTF-8"?>
<!-- Generated by org.testng.reporters.JUnitReportReporter -->
<testsuite hostname="LAPTOP-1RIL5N58" failures="0" tests="4" name="freelancer.freelanceSeleniumProject.VerifyHeaderMenu" time="17.485" errors="0" timestamp="2024-07-28T22:45:20 IST" skipped="0">
  <testcase classname="freelancer.freelanceSeleniumProject.VerifyHeaderMenu" name="verifyAboutUs" time="5.117"/>
  <testcase classname="freelancer.freelanceSeleniumProject.VerifyHeaderMenu" name="validateContactPopup" time="4.404"/>
  <testcase classname="freelancer.freelanceSeleniumProject.VerifyHeaderMenu" name="ValidateLogin" time="3.010"/>
  <testcase classname="freelancer.freelanceSeleniumProject.VerifyHeaderMenu" name="VerifyTheList" time="4.954"/>
</testsuite> <!-- freelancer.freelanceSeleniumProject.VerifyHeaderMenu -->
