<?xml version="1.0" encoding="UTF-8"?>
<!-- Generated by org.testng.reporters.JUnitReportReporter -->
<testsuite hostname="LAPTOP-1RIL5N58" failures="0" tests="1" name="freelancer.freelanceSeleniumProject.VerifyListOfItems" time="4.488" errors="0" timestamp="2024-07-28T23:48:11 IST" skipped="0">
  <testcase classname="freelancer.freelanceSeleniumProject.VerifyListOfItems" name="VerifyTheList" time="4.488"/>
</testsuite> <!-- freelancer.freelanceSeleniumProject.VerifyListOfItems -->
