<?xml version="1.0" encoding="UTF-8"?>
<!-- Generated by org.testng.reporters.JUnitReportReporter -->
<testsuite hostname="LAPTOP-1RIL5N58" failures="0" tests="1" name="freelancer.freelanceSeleniumProject.VerifyLogin" time="6.946" errors="0" timestamp="2024-07-17T00:32:57 IST" skipped="0">
  <testcase classname="freelancer.freelanceSeleniumProject.VerifyLogin" name="ValidateLogin" time="6.946"/>
</testsuite> <!-- freelancer.freelanceSeleniumProject.VerifyLogin -->
