<?xml version="1.0" encoding="UTF-8"?>
<!-- Generated by org.testng.reporters.JUnitReportReporter -->
<testsuite hostname="LAPTOP-1RIL5N58" failures="0" tests="2" name="freelancer.freelanceSeleniumProject.VerifyLogin" time="18.361" errors="0" timestamp="2024-07-20T15:24:38 IST" skipped="0">
  <testcase classname="freelancer.freelanceSeleniumProject.VerifyLogin" name="validateContactPopup" time="4.929"/>
  <testcase classname="freelancer.freelanceSeleniumProject.VerifyLogin" name="ValidateLogin" time="13.432"/>
</testsuite> <!-- freelancer.freelanceSeleniumProject.VerifyLogin -->
