<?xml version="1.0" encoding="UTF-8"?>
<!-- Generated by org.testng.reporters.JUnitReportReporter -->
<testsuite hostname="LAPTOP-1RIL5N58" failures="0" tests="3" name="freelancer.freelanceSeleniumProject.VerifyHeaderMenu" time="21.879" errors="0" timestamp="2024-07-21T01:23:48 IST" skipped="0">
  <testcase classname="freelancer.freelanceSeleniumProject.VerifyHeaderMenu" name="ValidateLogin" time="10.561"/>
  <testcase classname="freelancer.freelanceSeleniumProject.VerifyHeaderMenu" name="verifyAboutUs" time="6.182"/>
  <testcase classname="freelancer.freelanceSeleniumProject.VerifyHeaderMenu" name="validateContactPopup" time="5.136"/>
</testsuite> <!-- freelancer.freelanceSeleniumProject.VerifyHeaderMenu -->
