<?xml version="1.0" encoding="UTF-8"?>
<!-- Generated by org.testng.reporters.JUnitReportReporter -->
<testsuite hostname="LAPTOP-1RIL5N58" failures="0" tests="1" name="freelancer.freelanceSeleniumProject.AppTest" time="6.740" errors="0" timestamp="2024-07-15T18:02:21 IST" skipped="0">
  <testcase classname="freelancer.freelanceSeleniumProject.AppTest" name="ValidateLoginLogout" time="6.740"/>
</testsuite> <!-- freelancer.freelanceSeleniumProject.AppTest -->
