<?xml version="1.0" encoding="UTF-8"?>
<!-- Generated by org.testng.reporters.JUnitReportReporter -->
<testsuite hostname="LAPTOP-1RIL5N58" failures="0" tests="1" name="freelancer.freelanceSeleniumProject.AppTest" time="0.019" errors="0" timestamp="2024-07-06T22:41:18 IST" skipped="0">
  <testcase classname="freelancer.freelanceSeleniumProject.AppTest" name="shouldAnswerWithTrue" time="0.019"/>
</testsuite> <!-- freelancer.freelanceSeleniumProject.AppTest -->
