<?xml version="1.0" encoding="UTF-8"?>
<!-- Generated by org.testng.reporters.JUnitReportReporter -->
<testsuite hostname="LAPTOP-1RIL5N58" failures="0" tests="2" name="freelancer.freelanceSeleniumProject.VerifyHeaderMenu" time="17.212" errors="0" timestamp="2024-07-20T15:27:57 IST" skipped="0">
  <testcase classname="freelancer.freelanceSeleniumProject.VerifyHeaderMenu" name="validateContactPopup" time="4.554"/>
  <testcase classname="freelancer.freelanceSeleniumProject.VerifyHeaderMenu" name="ValidateLogin" time="12.658"/>
</testsuite> <!-- freelancer.freelanceSeleniumProject.VerifyHeaderMenu -->
