<?xml version="1.0" encoding="UTF-8"?>
<!-- Generated by org.testng.reporters.JUnitReportReporter -->
<testsuite hostname="LAPTOP-1RIL5N58" failures="0" tests="3" name="freelancer.freelanceSeleniumProject.VerifyHeaderMenu" time="15.941" errors="0" timestamp="2024-07-28T23:47:21 IST" skipped="0">
  <testcase classname="freelancer.freelanceSeleniumProject.VerifyHeaderMenu" name="verifyAboutUs" time="7.002"/>
  <testcase classname="freelancer.freelanceSeleniumProject.VerifyHeaderMenu" name="validateContactPopup" time="4.147"/>
  <testcase classname="freelancer.freelanceSeleniumProject.VerifyHeaderMenu" name="ValidateLogin" time="4.792"/>
</testsuite> <!-- freelancer.freelanceSeleniumProject.VerifyHeaderMenu -->
